Using pre-set license
Built from '2021.3/staging' branch; Version is '2021.3.3f1 (af2e63e8f9bd) revision 11480675'; Using compiler version '192829333'; Build Type 'Release'
OS: 'Windows 10  (10.0.19044) 64bit Core' Language: 'es' Physical Memory: 16318 MB
BatchMode: 1, IsHumanControllingUs: 0, StartBugReporterOnCrash: 0, Is64bit: 1, IsPro: 1

COMMAND LINE ARGUMENTS:
C:\Program Files\Unity\Hub\Editor\2021.3.3f1\Editor\Unity.exe
-adb2
-batchMode
-noUpm
-name
AssetImportWorker0
-projectPath
C:/GitHub/UnityEnvironment/My project
-logFile
Logs/AssetImportWorker0.log
-srvPort
59487
Successfully changed project path to: C:/GitHub/UnityEnvironment/My project
C:/GitHub/UnityEnvironment/My project
[UnityMemory] Configuration Parameters - Can be set up in boot.config
    "memorysetup-bucket-allocator-granularity=16"
    "memorysetup-bucket-allocator-bucket-count=8"
    "memorysetup-bucket-allocator-block-size=33554432"
    "memorysetup-bucket-allocator-block-count=8"
    "memorysetup-main-allocator-block-size=16777216"
    "memorysetup-thread-allocator-block-size=16777216"
    "memorysetup-gfx-main-allocator-block-size=16777216"
    "memorysetup-gfx-thread-allocator-block-size=16777216"
    "memorysetup-cache-allocator-block-size=4194304"
    "memorysetup-typetree-allocator-block-size=2097152"
    "memorysetup-profiler-bucket-allocator-granularity=16"
    "memorysetup-profiler-bucket-allocator-bucket-count=8"
    "memorysetup-profiler-bucket-allocator-block-size=33554432"
    "memorysetup-profiler-bucket-allocator-block-count=8"
    "memorysetup-profiler-allocator-block-size=16777216"
    "memorysetup-profiler-editor-allocator-block-size=1048576"
    "memorysetup-temp-allocator-size-main=16777216"
    "memorysetup-job-temp-allocator-block-size=2097152"
    "memorysetup-job-temp-allocator-block-size-background=1048576"
    "memorysetup-job-temp-allocator-reduction-small-platforms=262144"
    "memorysetup-temp-allocator-size-background-worker=32768"
    "memorysetup-temp-allocator-size-job-worker=262144"
    "memorysetup-temp-allocator-size-preload-manager=33554432"
    "memorysetup-temp-allocator-size-nav-mesh-worker=65536"
    "memorysetup-temp-allocator-size-audio-worker=65536"
    "memorysetup-temp-allocator-size-cloud-worker=32768"
    "memorysetup-temp-allocator-size-gi-baking-worker=262144"
    "memorysetup-temp-allocator-size-gfx=262144"
Refreshing native plugins compatible for Editor in 110.84 ms, found 4 plugins.
Preloading 0 native plugins for Editor in 0.00 ms.
Initialize engine version: 2021.3.3f1 (af2e63e8f9bd)
[Subsystems] Discovering subsystems at path C:/Program Files/Unity/Hub/Editor/2021.3.3f1/Editor/Data/Resources/UnitySubsystems
[Subsystems] Discovering subsystems at path C:/GitHub/UnityEnvironment/My project/Assets
GfxDevice: creating device client; threaded=0; jobified=0
Direct3D:
    Version:  Direct3D 11.0 [level 11.1]
    Renderer: NVIDIA GeForce GTX 1660 Ti (ID=0x2182)
    Vendor:   NVIDIA
    VRAM:     5991 MB
    Driver:   30.0.15.1295
Initialize mono
Mono path[0] = 'C:/Program Files/Unity/Hub/Editor/2021.3.3f1/Editor/Data/Managed'
Mono path[1] = 'C:/Program Files/Unity/Hub/Editor/2021.3.3f1/Editor/Data/MonoBleedingEdge/lib/mono/unityjit-win32'
Mono config path = 'C:/Program Files/Unity/Hub/Editor/2021.3.3f1/Editor/Data/MonoBleedingEdge/etc'
Using monoOptions --debugger-agent=transport=dt_socket,embedding=1,server=y,suspend=n,address=127.0.0.1:56864
Begin MonoManager ReloadAssembly
Registering precompiled unity dll's ...
Register platform support module: C:/Program Files/Unity/Hub/Editor/2021.3.3f1/Editor/Data/PlaybackEngines/WebGLSupport/UnityEditor.WebGL.Extensions.dll
Register platform support module: C:/Program Files/Unity/Hub/Editor/2021.3.3f1/Editor/Data/PlaybackEngines/WindowsStandaloneSupport/UnityEditor.WindowsStandalone.Extensions.dll
Registered in 0.010361 seconds.
Native extension for WindowsStandalone target not found
Native extension for WebGL target not found
Refreshing native plugins compatible for Editor in 114.87 ms, found 4 plugins.
Preloading 0 native plugins for Editor in 0.00 ms.
Mono: successfully reloaded assembly
- Completed reload, in  0.714 seconds
Domain Reload Profiling:
	ReloadAssembly (714ms)
		BeginReloadAssembly (87ms)
			ExecutionOrderSort (0ms)
			DisableScriptedObjects (0ms)
			BackupInstance (0ms)
			ReleaseScriptingObjects (0ms)
			CreateAndSetChildDomain (1ms)
		EndReloadAssembly (513ms)
			LoadAssemblies (85ms)
			RebuildTransferFunctionScriptingTraits (0ms)
			SetupTypeCache (119ms)
			ReleaseScriptCaches (0ms)
			RebuildScriptCaches (31ms)
			SetupLoadedEditorAssemblies (303ms)
				LogAssemblyErrors (0ms)
				InitializePlatformSupportModulesInManaged (11ms)
				SetLoadedEditorAssemblies (0ms)
				RefreshPlugins (115ms)
				BeforeProcessingInitializeOnLoad (1ms)
				ProcessInitializeOnLoadAttributes (131ms)
				ProcessInitializeOnLoadMethodAttributes (43ms)
				AfterProcessingInitializeOnLoad (0ms)
				EditorAssembliesLoaded (0ms)
			ExecutionOrderSort2 (0ms)
			AwakeInstancesAfterBackupRestoration (0ms)
Platform modules already initialized, skipping
Registering precompiled user dll's ...
Registered in 0.010073 seconds.
Begin MonoManager ReloadAssembly
Symbol file LoadedFromMemory doesn't match image C:\GitHub\UnityEnvironment\My project\Library\PackageCache\com.unity.visualscripting@1.7.6\Editor\VisualScripting.Core\Dependencies\YamlDotNet\Unity.VisualScripting.YamlDotNet.dll
Symbol file LoadedFromMemory doesn't match image C:\GitHub\UnityEnvironment\My project\Library\PackageCache\com.unity.visualscripting@1.7.6\Editor\VisualScripting.Core\Dependencies\DotNetZip\Unity.VisualScripting.IonicZip.dll
Native extension for WindowsStandalone target not found
Native extension for WebGL target not found
Refreshing native plugins compatible for Editor in 108.10 ms, found 4 plugins.
Preloading 0 native plugins for Editor in 0.00 ms.
Mono: successfully reloaded assembly
- Completed reload, in  1.331 seconds
Domain Reload Profiling:
	ReloadAssembly (1331ms)
		BeginReloadAssembly (118ms)
			ExecutionOrderSort (0ms)
			DisableScriptedObjects (5ms)
			BackupInstance (0ms)
			ReleaseScriptingObjects (0ms)
			CreateAndSetChildDomain (18ms)
		EndReloadAssembly (1090ms)
			LoadAssemblies (126ms)
			RebuildTransferFunctionScriptingTraits (0ms)
			SetupTypeCache (271ms)
			ReleaseScriptCaches (1ms)
			RebuildScriptCaches (63ms)
			SetupLoadedEditorAssemblies (594ms)
				LogAssemblyErrors (0ms)
				InitializePlatformSupportModulesInManaged (6ms)
				SetLoadedEditorAssemblies (0ms)
				RefreshPlugins (108ms)
				BeforeProcessingInitializeOnLoad (129ms)
				ProcessInitializeOnLoadAttributes (241ms)
				ProcessInitializeOnLoadMethodAttributes (100ms)
				AfterProcessingInitializeOnLoad (9ms)
				EditorAssembliesLoaded (0ms)
			ExecutionOrderSort2 (0ms)
			AwakeInstancesAfterBackupRestoration (7ms)
Platform modules already initialized, skipping
========================================================================
Worker process is ready to serve import requests
Launched and connected shader compiler UnityShaderCompiler.exe after 0.11 seconds
Refreshing native plugins compatible for Editor in 1.39 ms, found 4 plugins.
Preloading 0 native plugins for Editor in 0.00 ms.
Unloading 5507 Unused Serialized files (Serialized files now loaded: 0)
Unloading 57 unused Assets / (1.2 MB). Loaded Objects now: 5946.
Memory consumption went from 213.8 MB to 212.6 MB.
Total: 7.063200 ms (FindLiveObjects: 1.210000 ms CreateObjectMapping: 0.783000 ms MarkObjects: 4.496300 ms  DeleteObjects: 0.572000 ms)

AssetImportParameters requested are different than current active one (requested -> active):
  custom:video-decoder-ogg-theora: a1e56fd34408186e4bbccfd4996cb3dc -> 
  custom:container-muxer-webm: aa71ff27fc2769a1b78a27578f13a17b -> 
  custom:container-demuxer-webm: 4f35f7cbe854078d1ac9338744f61a02 -> 
  custom:video-encoder-webm-vp8: eb34c28f22e8b96e1ab97ce403110664 -> 
  custom:video-codec-MediaFoundation-h265: 746d11721c4dcdbdad8f713fa42b33f4 -> 
  custom:audio-encoder-webm-vorbis: bf7c407c2cedff20999df2af8eb42d56 -> 
  custom:framework-win-MediaFoundation: 216162199b28c13a410421893ffa2e32 -> 
  custom:container-demuxer-ogg: 62fdf1f143b41e24485cea50d1cbac27 -> 
  custom:video-decoder-webm-vp8: 9c59270c3fd7afecdb556c50c9e8de78 -> 
  custom:audio-decoder-ogg-vorbis: bf7c407c2cedff20999df2af8eb42d56 -> 
========================================================================
Received Import Request.
  Time since last request: 111720.572740 seconds.
  path: Assets/ProjectObjects/alvaro/objects/obj_modular building/balcony_left.fbx
  artifactKey: Guid(11264ac6f779a2f449ae7e71c0bf028a) Importer(815301076,1909f56bfc062723c751e8b465ee728b)
Start importing Assets/ProjectObjects/alvaro/objects/obj_modular building/balcony_left.fbx using Guid(11264ac6f779a2f449ae7e71c0bf028a) Importer(815301076,1909f56bfc062723c751e8b465ee728b)  -> (artifact id: '678e19f130db6103150344f96fe06842') in 0.577596 seconds 
========================================================================
Received Import Request.
  Time since last request: 0.000040 seconds.
  path: Assets/ProjectObjects/alvaro/objects/obj_modular building/window.fbx
  artifactKey: Guid(be726400c3b564d409615f0edb66e4c6) Importer(815301076,1909f56bfc062723c751e8b465ee728b)
Start importing Assets/ProjectObjects/alvaro/objects/obj_modular building/window.fbx using Guid(be726400c3b564d409615f0edb66e4c6) Importer(815301076,1909f56bfc062723c751e8b465ee728b)  -> (artifact id: '508294b443178dedf65ab804d87f5b7e') in 0.025483 seconds 
========================================================================
Received Import Request.
  Time since last request: 0.000030 seconds.
  path: Assets/ProjectObjects/alvaro/objects/obj_modular building/door_right.fbx
  artifactKey: Guid(f5e74ed21b31e8745908fa4d93657b78) Importer(815301076,1909f56bfc062723c751e8b465ee728b)
Start importing Assets/ProjectObjects/alvaro/objects/obj_modular building/door_right.fbx using Guid(f5e74ed21b31e8745908fa4d93657b78) Importer(815301076,1909f56bfc062723c751e8b465ee728b)  -> (artifact id: '6b6e4b60774fae7ae211e765b82cd433') in 0.021628 seconds 
========================================================================
Received Import Request.
  Time since last request: 0.000034 seconds.
  path: Assets/ProjectObjects/alvaro/objects/obj_modular building/top_center.fbx
  artifactKey: Guid(573a717b846538e4aa59d2f32393f624) Importer(815301076,1909f56bfc062723c751e8b465ee728b)
Start importing Assets/ProjectObjects/alvaro/objects/obj_modular building/top_center.fbx using Guid(573a717b846538e4aa59d2f32393f624) Importer(815301076,1909f56bfc062723c751e8b465ee728b)  -> (artifact id: '8585371008fc6dbabc5b9784fa669e2c') in 0.020674 seconds 
========================================================================
Received Import Request.
  Time since last request: 0.000041 seconds.
  path: Assets/ProjectObjects/alvaro/objects/obj_modular building/top_midle.fbx
  artifactKey: Guid(9630ecfafa4adb14780fedb127ba89e5) Importer(815301076,1909f56bfc062723c751e8b465ee728b)
Start importing Assets/ProjectObjects/alvaro/objects/obj_modular building/top_midle.fbx using Guid(9630ecfafa4adb14780fedb127ba89e5) Importer(815301076,1909f56bfc062723c751e8b465ee728b)  -> (artifact id: 'f25be7d63a364d3ffc72d80e79615135') in 0.020450 seconds 
========================================================================
Received Import Request.
  Time since last request: 0.000040 seconds.
  path: Assets/ProjectObjects/alvaro/objects/obj_modular building/wall_corner.fbx
  artifactKey: Guid(5f04d19e9649bb24ebde108b4496d960) Importer(815301076,1909f56bfc062723c751e8b465ee728b)
Start importing Assets/ProjectObjects/alvaro/objects/obj_modular building/wall_corner.fbx using Guid(5f04d19e9649bb24ebde108b4496d960) Importer(815301076,1909f56bfc062723c751e8b465ee728b)  -> (artifact id: '3d8b5ad09f5ad2146d17b64965740efd') in 0.022295 seconds 
========================================================================
Received Import Request.
  Time since last request: 0.000025 seconds.
  path: Assets/ProjectObjects/alvaro/objects/obj_modular building/window_corner.fbx
  artifactKey: Guid(3ff10c28201afe84080f94d9bfd28c13) Importer(815301076,1909f56bfc062723c751e8b465ee728b)
Start importing Assets/ProjectObjects/alvaro/objects/obj_modular building/window_corner.fbx using Guid(3ff10c28201afe84080f94d9bfd28c13) Importer(815301076,1909f56bfc062723c751e8b465ee728b)  -> (artifact id: 'af14f4b5087b9545b8b904407858edce') in 0.021648 seconds 
========================================================================
Received Import Request.
  Time since last request: 0.000039 seconds.
  path: Assets/ProjectObjects/alvaro/objects/obj_modular building/top_left.fbx
  artifactKey: Guid(7082ad459af376645b8741dc4a2f6de1) Importer(815301076,1909f56bfc062723c751e8b465ee728b)
Start importing Assets/ProjectObjects/alvaro/objects/obj_modular building/top_left.fbx using Guid(7082ad459af376645b8741dc4a2f6de1) Importer(815301076,1909f56bfc062723c751e8b465ee728b)  -> (artifact id: '31531b087f6f300ac5e55b937365d44a') in 0.023453 seconds 
========================================================================
Received Import Request.
  Time since last request: 89.455679 seconds.
  path: Assets/ProjectObjects/alvaro/objects/obj_foliage/flower.fbx
  artifactKey: Guid(6ff76a8ac0e377a44a1b62bb9c3fe14c) Importer(815301076,1909f56bfc062723c751e8b465ee728b)
Start importing Assets/ProjectObjects/alvaro/objects/obj_foliage/flower.fbx using Guid(6ff76a8ac0e377a44a1b62bb9c3fe14c) Importer(815301076,1909f56bfc062723c751e8b465ee728b)  -> (artifact id: '7343ec4e7c4da14d4880731a9b18085e') in 0.021670 seconds 
========================================================================
Received Import Request.
  Time since last request: 0.000039 seconds.
  path: Assets/ProjectObjects/alvaro/objects/obj_foliage/rock.fbx
  artifactKey: Guid(621e3006197a5a04fa29664f0472d09a) Importer(815301076,1909f56bfc062723c751e8b465ee728b)
Start importing Assets/ProjectObjects/alvaro/objects/obj_foliage/rock.fbx using Guid(621e3006197a5a04fa29664f0472d09a) Importer(815301076,1909f56bfc062723c751e8b465ee728b)  -> (artifact id: '74d15b6f685ec6c6ed2e24056430d67f') in 0.022995 seconds 
========================================================================
Received Import Request.
  Time since last request: 0.000034 seconds.
  path: Assets/ProjectObjects/alvaro/objects/obj_foliage/palm.fbx
  artifactKey: Guid(bd658241432f8cc47a7d15891619b7b9) Importer(815301076,1909f56bfc062723c751e8b465ee728b)
Start importing Assets/ProjectObjects/alvaro/objects/obj_foliage/palm.fbx using Guid(bd658241432f8cc47a7d15891619b7b9) Importer(815301076,1909f56bfc062723c751e8b465ee728b)  -> (artifact id: 'd336847ab71ebbc9711290761a074267') in 0.024524 seconds 
========================================================================
Received Import Request.
  Time since last request: 0.000055 seconds.
  path: Assets/ProjectObjects/alvaro/objects/obj_foliage/palm_tree.fbx
  artifactKey: Guid(312e7b73eede1a14c9b88084f01e9481) Importer(815301076,1909f56bfc062723c751e8b465ee728b)
Start importing Assets/ProjectObjects/alvaro/objects/obj_foliage/palm_tree.fbx using Guid(312e7b73eede1a14c9b88084f01e9481) Importer(815301076,1909f56bfc062723c751e8b465ee728b)  -> (artifact id: '3d8f1b4f3a5f64dd29d950b2142164e4') in 0.024599 seconds 
