Using pre-set license
Built from '2021.3/staging' branch; Version is '2021.3.3f1 (af2e63e8f9bd) revision 11480675'; Using compiler version '192829333'; Build Type 'Release'
OS: 'Windows 10  (10.0.19044) 64bit Core' Language: 'es' Physical Memory: 16318 MB
BatchMode: 1, IsHumanControllingUs: 0, StartBugReporterOnCrash: 0, Is64bit: 1, IsPro: 1

COMMAND LINE ARGUMENTS:
C:\Program Files\Unity\Hub\Editor\2021.3.3f1\Editor\Unity.exe
-adb2
-batchMode
-noUpm
-name
AssetImportWorker1
-projectPath
C:/GitHub/UnityEnvironment/My project
-logFile
Logs/AssetImportWorker1.log
-srvPort
59487
Successfully changed project path to: C:/GitHub/UnityEnvironment/My project
C:/GitHub/UnityEnvironment/My project
[UnityMemory] Configuration Parameters - Can be set up in boot.config
    "memorysetup-bucket-allocator-granularity=16"
    "memorysetup-bucket-allocator-bucket-count=8"
    "memorysetup-bucket-allocator-block-size=33554432"
    "memorysetup-bucket-allocator-block-count=8"
    "memorysetup-main-allocator-block-size=16777216"
    "memorysetup-thread-allocator-block-size=16777216"
    "memorysetup-gfx-main-allocator-block-size=16777216"
    "memorysetup-gfx-thread-allocator-block-size=16777216"
    "memorysetup-cache-allocator-block-size=4194304"
    "memorysetup-typetree-allocator-block-size=2097152"
    "memorysetup-profiler-bucket-allocator-granularity=16"
    "memorysetup-profiler-bucket-allocator-bucket-count=8"
    "memorysetup-profiler-bucket-allocator-block-size=33554432"
    "memorysetup-profiler-bucket-allocator-block-count=8"
    "memorysetup-profiler-allocator-block-size=16777216"
    "memorysetup-profiler-editor-allocator-block-size=1048576"
    "memorysetup-temp-allocator-size-main=16777216"
    "memorysetup-job-temp-allocator-block-size=2097152"
    "memorysetup-job-temp-allocator-block-size-background=1048576"
    "memorysetup-job-temp-allocator-reduction-small-platforms=262144"
    "memorysetup-temp-allocator-size-background-worker=32768"
    "memorysetup-temp-allocator-size-job-worker=262144"
    "memorysetup-temp-allocator-size-preload-manager=33554432"
    "memorysetup-temp-allocator-size-nav-mesh-worker=65536"
    "memorysetup-temp-allocator-size-audio-worker=65536"
    "memorysetup-temp-allocator-size-cloud-worker=32768"
    "memorysetup-temp-allocator-size-gi-baking-worker=262144"
    "memorysetup-temp-allocator-size-gfx=262144"
Refreshing native plugins compatible for Editor in 110.78 ms, found 4 plugins.
Preloading 0 native plugins for Editor in 0.00 ms.
Initialize engine version: 2021.3.3f1 (af2e63e8f9bd)
[Subsystems] Discovering subsystems at path C:/Program Files/Unity/Hub/Editor/2021.3.3f1/Editor/Data/Resources/UnitySubsystems
[Subsystems] Discovering subsystems at path C:/GitHub/UnityEnvironment/My project/Assets
GfxDevice: creating device client; threaded=0; jobified=0
Direct3D:
    Version:  Direct3D 11.0 [level 11.1]
    Renderer: NVIDIA GeForce GTX 1660 Ti (ID=0x2182)
    Vendor:   NVIDIA
    VRAM:     5991 MB
    Driver:   30.0.15.1295
Initialize mono
Mono path[0] = 'C:/Program Files/Unity/Hub/Editor/2021.3.3f1/Editor/Data/Managed'
Mono path[1] = 'C:/Program Files/Unity/Hub/Editor/2021.3.3f1/Editor/Data/MonoBleedingEdge/lib/mono/unityjit-win32'
Mono config path = 'C:/Program Files/Unity/Hub/Editor/2021.3.3f1/Editor/Data/MonoBleedingEdge/etc'
Using monoOptions --debugger-agent=transport=dt_socket,embedding=1,server=y,suspend=n,address=127.0.0.1:56968
Begin MonoManager ReloadAssembly
Registering precompiled unity dll's ...
Register platform support module: C:/Program Files/Unity/Hub/Editor/2021.3.3f1/Editor/Data/PlaybackEngines/WebGLSupport/UnityEditor.WebGL.Extensions.dll
Register platform support module: C:/Program Files/Unity/Hub/Editor/2021.3.3f1/Editor/Data/PlaybackEngines/WindowsStandaloneSupport/UnityEditor.WindowsStandalone.Extensions.dll
Registered in 0.009709 seconds.
Native extension for WindowsStandalone target not found
Native extension for WebGL target not found
Refreshing native plugins compatible for Editor in 108.59 ms, found 4 plugins.
Preloading 0 native plugins for Editor in 0.00 ms.
Mono: successfully reloaded assembly
- Completed reload, in  0.695 seconds
Domain Reload Profiling:
	ReloadAssembly (696ms)
		BeginReloadAssembly (78ms)
			ExecutionOrderSort (0ms)
			DisableScriptedObjects (0ms)
			BackupInstance (0ms)
			ReleaseScriptingObjects (0ms)
			CreateAndSetChildDomain (1ms)
		EndReloadAssembly (504ms)
			LoadAssemblies (76ms)
			RebuildTransferFunctionScriptingTraits (0ms)
			SetupTypeCache (128ms)
			ReleaseScriptCaches (0ms)
			RebuildScriptCaches (28ms)
			SetupLoadedEditorAssemblies (292ms)
				LogAssemblyErrors (0ms)
				InitializePlatformSupportModulesInManaged (9ms)
				SetLoadedEditorAssemblies (0ms)
				RefreshPlugins (109ms)
				BeforeProcessingInitializeOnLoad (1ms)
				ProcessInitializeOnLoadAttributes (130ms)
				ProcessInitializeOnLoadMethodAttributes (42ms)
				AfterProcessingInitializeOnLoad (0ms)
				EditorAssembliesLoaded (0ms)
			ExecutionOrderSort2 (0ms)
			AwakeInstancesAfterBackupRestoration (0ms)
Platform modules already initialized, skipping
Registering precompiled user dll's ...
Registered in 0.009674 seconds.
Begin MonoManager ReloadAssembly
Symbol file LoadedFromMemory doesn't match image C:\GitHub\UnityEnvironment\My project\Library\PackageCache\com.unity.visualscripting@1.7.6\Editor\VisualScripting.Core\Dependencies\YamlDotNet\Unity.VisualScripting.YamlDotNet.dll
Symbol file LoadedFromMemory doesn't match image C:\GitHub\UnityEnvironment\My project\Library\PackageCache\com.unity.visualscripting@1.7.6\Editor\VisualScripting.Core\Dependencies\DotNetZip\Unity.VisualScripting.IonicZip.dll
Native extension for WindowsStandalone target not found
Native extension for WebGL target not found
Refreshing native plugins compatible for Editor in 108.16 ms, found 4 plugins.
Preloading 0 native plugins for Editor in 0.00 ms.
Mono: successfully reloaded assembly
- Completed reload, in  1.330 seconds
Domain Reload Profiling:
	ReloadAssembly (1331ms)
		BeginReloadAssembly (116ms)
			ExecutionOrderSort (0ms)
			DisableScriptedObjects (5ms)
			BackupInstance (0ms)
			ReleaseScriptingObjects (0ms)
			CreateAndSetChildDomain (18ms)
		EndReloadAssembly (1091ms)
			LoadAssemblies (123ms)
			RebuildTransferFunctionScriptingTraits (0ms)
			SetupTypeCache (271ms)
			ReleaseScriptCaches (1ms)
			RebuildScriptCaches (64ms)
			SetupLoadedEditorAssemblies (594ms)
				LogAssemblyErrors (0ms)
				InitializePlatformSupportModulesInManaged (6ms)
				SetLoadedEditorAssemblies (0ms)
				RefreshPlugins (108ms)
				BeforeProcessingInitializeOnLoad (129ms)
				ProcessInitializeOnLoadAttributes (241ms)
				ProcessInitializeOnLoadMethodAttributes (100ms)
				AfterProcessingInitializeOnLoad (9ms)
				EditorAssembliesLoaded (0ms)
			ExecutionOrderSort2 (0ms)
			AwakeInstancesAfterBackupRestoration (7ms)
Platform modules already initialized, skipping
========================================================================
Worker process is ready to serve import requests
Launched and connected shader compiler UnityShaderCompiler.exe after 0.11 seconds
Refreshing native plugins compatible for Editor in 1.13 ms, found 4 plugins.
Preloading 0 native plugins for Editor in 0.00 ms.
Unloading 5507 Unused Serialized files (Serialized files now loaded: 0)
Unloading 57 unused Assets / (1.2 MB). Loaded Objects now: 5946.
Memory consumption went from 213.8 MB to 212.6 MB.
Total: 5.553700 ms (FindLiveObjects: 0.773100 ms CreateObjectMapping: 0.946600 ms MarkObjects: 3.277000 ms  DeleteObjects: 0.554900 ms)

AssetImportParameters requested are different than current active one (requested -> active):
  custom:video-decoder-ogg-theora: a1e56fd34408186e4bbccfd4996cb3dc -> 
  custom:container-muxer-webm: aa71ff27fc2769a1b78a27578f13a17b -> 
  custom:container-demuxer-webm: 4f35f7cbe854078d1ac9338744f61a02 -> 
  custom:video-encoder-webm-vp8: eb34c28f22e8b96e1ab97ce403110664 -> 
  custom:video-codec-MediaFoundation-h265: 746d11721c4dcdbdad8f713fa42b33f4 -> 
  custom:audio-encoder-webm-vorbis: bf7c407c2cedff20999df2af8eb42d56 -> 
  custom:framework-win-MediaFoundation: 216162199b28c13a410421893ffa2e32 -> 
  custom:container-demuxer-ogg: 62fdf1f143b41e24485cea50d1cbac27 -> 
  custom:video-decoder-webm-vp8: 9c59270c3fd7afecdb556c50c9e8de78 -> 
  custom:audio-decoder-ogg-vorbis: bf7c407c2cedff20999df2af8eb42d56 -> 
========================================================================
Received Import Request.
  Time since last request: 111720.587811 seconds.
  path: Assets/ProjectObjects/alvaro/objects/obj_modular building/balcony_midle.fbx
  artifactKey: Guid(07c8daaa6ed9b7d449fe0747c2177307) Importer(815301076,1909f56bfc062723c751e8b465ee728b)
Start importing Assets/ProjectObjects/alvaro/objects/obj_modular building/balcony_midle.fbx using Guid(07c8daaa6ed9b7d449fe0747c2177307) Importer(815301076,1909f56bfc062723c751e8b465ee728b)  -> (artifact id: '6a33e6c6d61c74ebafaedfb1864ffe96') in 0.561823 seconds 
========================================================================
Received Import Request.
  Time since last request: 0.000062 seconds.
  path: Assets/ProjectObjects/alvaro/objects/obj_modular building/door_midle.fbx
  artifactKey: Guid(088f5ef3984932248892d13d606a9cf8) Importer(815301076,1909f56bfc062723c751e8b465ee728b)
Start importing Assets/ProjectObjects/alvaro/objects/obj_modular building/door_midle.fbx using Guid(088f5ef3984932248892d13d606a9cf8) Importer(815301076,1909f56bfc062723c751e8b465ee728b)  -> (artifact id: '38aa6995abaa2ad5ea0a4e8af9ccfe81') in 0.025969 seconds 
========================================================================
Received Import Request.
  Time since last request: 0.000037 seconds.
  path: Assets/ProjectObjects/alvaro/objects/obj_modular building/balcony.fbx
  artifactKey: Guid(62e71d56028c5254cbc9876bfd79e6e7) Importer(815301076,1909f56bfc062723c751e8b465ee728b)
Start importing Assets/ProjectObjects/alvaro/objects/obj_modular building/balcony.fbx using Guid(62e71d56028c5254cbc9876bfd79e6e7) Importer(815301076,1909f56bfc062723c751e8b465ee728b)  -> (artifact id: '27bfbeb45c1d4d31389b85733d446c00') in 0.021843 seconds 
========================================================================
Received Import Request.
  Time since last request: 0.000056 seconds.
  path: Assets/ProjectObjects/alvaro/objects/obj_modular building/door_left.fbx
  artifactKey: Guid(71dbbe55bf6a4644783fb6834cf69545) Importer(815301076,1909f56bfc062723c751e8b465ee728b)
Start importing Assets/ProjectObjects/alvaro/objects/obj_modular building/door_left.fbx using Guid(71dbbe55bf6a4644783fb6834cf69545) Importer(815301076,1909f56bfc062723c751e8b465ee728b)  -> (artifact id: '97bb0a91acb975ca3c3a0aeef55dc82b') in 0.020830 seconds 
========================================================================
Received Import Request.
  Time since last request: 0.000050 seconds.
  path: Assets/ProjectObjects/alvaro/objects/obj_modular building/balcony_right.fbx
  artifactKey: Guid(52321fea9215aac40a5381e15d5ae432) Importer(815301076,1909f56bfc062723c751e8b465ee728b)
Start importing Assets/ProjectObjects/alvaro/objects/obj_modular building/balcony_right.fbx using Guid(52321fea9215aac40a5381e15d5ae432) Importer(815301076,1909f56bfc062723c751e8b465ee728b)  -> (artifact id: 'f400f8b8d3df7d827a0a1570a7997d76') in 0.028174 seconds 
========================================================================
Received Import Request.
  Time since last request: 0.000039 seconds.
  path: Assets/ProjectObjects/alvaro/objects/obj_modular building/wall.fbx
  artifactKey: Guid(a6f0c813c12e4924db70b3aeddc2d36e) Importer(815301076,1909f56bfc062723c751e8b465ee728b)
Start importing Assets/ProjectObjects/alvaro/objects/obj_modular building/wall.fbx using Guid(a6f0c813c12e4924db70b3aeddc2d36e) Importer(815301076,1909f56bfc062723c751e8b465ee728b)  -> (artifact id: '59430fd8a71a222fc30945f7fa708139') in 0.021120 seconds 
========================================================================
Received Import Request.
  Time since last request: 0.000059 seconds.
  path: Assets/ProjectObjects/alvaro/objects/obj_modular building/door.fbx
  artifactKey: Guid(c312ab936f2d6824f955ddd1594bc823) Importer(815301076,1909f56bfc062723c751e8b465ee728b)
Start importing Assets/ProjectObjects/alvaro/objects/obj_modular building/door.fbx using Guid(c312ab936f2d6824f955ddd1594bc823) Importer(815301076,1909f56bfc062723c751e8b465ee728b)  -> (artifact id: '8acb234d5dceaf3f28a73d00ddfdd951') in 0.022140 seconds 
========================================================================
Received Import Request.
  Time since last request: 0.000024 seconds.
  path: Assets/ProjectObjects/alvaro/objects/obj_modular building/top_right.fbx
  artifactKey: Guid(fdd2aa157fa493841beff6add14d4519) Importer(815301076,1909f56bfc062723c751e8b465ee728b)
Start importing Assets/ProjectObjects/alvaro/objects/obj_modular building/top_right.fbx using Guid(fdd2aa157fa493841beff6add14d4519) Importer(815301076,1909f56bfc062723c751e8b465ee728b)  -> (artifact id: '30ad006de53c34932fee7e6b3534bdc0') in 0.022777 seconds 
========================================================================
Received Import Request.
  Time since last request: 89.450810 seconds.
  path: Assets/ProjectObjects/alvaro/objects/obj_foliage/grass.fbx
  artifactKey: Guid(0a9411916c8246f43a11350f6d503787) Importer(815301076,1909f56bfc062723c751e8b465ee728b)
Start importing Assets/ProjectObjects/alvaro/objects/obj_foliage/grass.fbx using Guid(0a9411916c8246f43a11350f6d503787) Importer(815301076,1909f56bfc062723c751e8b465ee728b)  -> (artifact id: 'fbc1b2237e87202a03c470b41e99b47b') in 0.033807 seconds 
========================================================================
Received Import Request.
  Time since last request: 0.000027 seconds.
  path: Assets/ProjectObjects/alvaro/objects/obj_foliage/rock_sculpt.obj
  artifactKey: Guid(bf1abe13153569344a583d79f681d21b) Importer(815301076,1909f56bfc062723c751e8b465ee728b)
Start importing Assets/ProjectObjects/alvaro/objects/obj_foliage/rock_sculpt.obj using Guid(bf1abe13153569344a583d79f681d21b) Importer(815301076,1909f56bfc062723c751e8b465ee728b)  -> (artifact id: '31df212e94acd9e51d97617b92800689') in 0.055462 seconds 
========================================================================
Received Import Request.
  Time since last request: 0.000038 seconds.
  path: Assets/ProjectObjects/alvaro/objects/obj_foliage/rock_HP.fbx
  artifactKey: Guid(bb87d094e20273d4389aea956e66f2d9) Importer(815301076,1909f56bfc062723c751e8b465ee728b)
Start importing Assets/ProjectObjects/alvaro/objects/obj_foliage/rock_HP.fbx using Guid(bb87d094e20273d4389aea956e66f2d9) Importer(815301076,1909f56bfc062723c751e8b465ee728b)  -> (artifact id: '08517962670552793f499ca8f496d05d') in 0.024487 seconds 
